Build started 28.11.2012 16:32:15.
     1>Project "D:\Externals\MsdnHelper\src\MsdnHelper.sln" on node 1 (default targets).
     1>Building with tools version "2.0".
     1>Target "ValidateSolutionConfiguration" in file "D:\Externals\MsdnHelper\src\MsdnHelper.sln.metaproj" from project "D:\Externals\MsdnHelper\src\MsdnHelper.sln" (entry point):
       Task "Error" skipped, due to false condition; (('$(CurrentSolutionConfigurationContents)' == '') and ('$(SkipInvalidConfigurations)' != 'true')) was evaluated as (('<SolutionConfiguration>
         <ProjectConfiguration Project="{DA2A65BC-48AB-4185-8630-C2156BC6C063}" AbsolutePath="D:\Externals\MsdnHelper\src\MsdnHelper.csproj" BuildProjectInSolution="True">Debug|AnyCPU</ProjectConfiguration>
       </SolutionConfiguration>' == '') and ('' != 'true')).
       Task "Warning" skipped, due to false condition; (('$(CurrentSolutionConfigurationContents)' == '') and ('$(SkipInvalidConfigurations)' == 'true')) was evaluated as (('<SolutionConfiguration>
         <ProjectConfiguration Project="{DA2A65BC-48AB-4185-8630-C2156BC6C063}" AbsolutePath="D:\Externals\MsdnHelper\src\MsdnHelper.csproj" BuildProjectInSolution="True">Debug|AnyCPU</ProjectConfiguration>
       </SolutionConfiguration>' == '') and ('' == 'true')).
       Using "Message" task from assembly "Microsoft.Build.Tasks.v4.0, Version=4.0.0.0, Culture=neutral, PublicKeyToken=b03f5f7f11d50a3a".
       Task "Message"
         Building solution configuration "Debug|Any CPU".
       Done executing task "Message".
     1>Done building target "ValidateSolutionConfiguration" in project "MsdnHelper.sln".
     1>Target "ValidateToolsVersions" in file "D:\Externals\MsdnHelper\src\MsdnHelper.sln.metaproj" from project "D:\Externals\MsdnHelper\src\MsdnHelper.sln" (entry point):
       Task "Error" skipped, due to false condition; ('$(MSBuildToolsVersion)' == '2.0' and ('$(ProjectToolsVersion)' != '2.0' and '$(ProjectToolsVersion)' != '')) was evaluated as ('4.0' == '2.0' and ('' != '2.0' and '' != '')).
     1>Done building target "ValidateToolsVersions" in project "MsdnHelper.sln".
     1>Target "ValidateProjects" in file "D:\Externals\MsdnHelper\src\MsdnHelper.sln.metaproj" from project "D:\Externals\MsdnHelper\src\MsdnHelper.sln" (entry point):
     1>Done building target "ValidateProjects" in project "MsdnHelper.sln".
     1>Target "Build" in file "D:\Externals\MsdnHelper\src\MsdnHelper.sln.metaproj" from project "D:\Externals\MsdnHelper\src\MsdnHelper.sln" (entry point):
       Using "MSBuild" task from assembly "Microsoft.Build.Tasks.v4.0, Version=4.0.0.0, Culture=neutral, PublicKeyToken=b03f5f7f11d50a3a".
       Task "MSBuild"
         Global Properties:
           BuildingSolutionFile=true
           CurrentSolutionConfigurationContents=<SolutionConfiguration>
           <ProjectConfiguration Project="{DA2A65BC-48AB-4185-8630-C2156BC6C063}" AbsolutePath="D:\Externals\MsdnHelper\src\MsdnHelper.csproj" BuildProjectInSolution="True">Debug|AnyCPU</ProjectConfiguration>
         </SolutionConfiguration>
           SolutionDir=D:\Externals\MsdnHelper\src\
           SolutionExt=.sln
           SolutionFileName=MsdnHelper.sln
           SolutionName=MsdnHelper
           SolutionPath=D:\Externals\MsdnHelper\src\MsdnHelper.sln
         Additional Properties for project "D:\Externals\MsdnHelper\src\MsdnHelper.csproj":
           Configuration=Debug
           Platform=AnyCPU
           VisualStudioVersion=11.0
     0>Overriding target "GetFrameworkPaths" in project "C:\Windows\Microsoft.NET\Framework\v4.0.30319\Microsoft.Common.targets" with target "GetFrameworkPaths" from project "C:\Windows\Microsoft.NET\Framework\v4.0.30319\Microsoft.NETFramework.targets".
       Overriding target "SatelliteDllsProjectOutputGroup" in project "C:\Windows\Microsoft.NET\Framework\v4.0.30319\Microsoft.Common.targets" with target "SatelliteDllsProjectOutputGroup" from project "C:\Windows\Microsoft.NET\Framework\v4.0.30319\Microsoft.WinFX.targets".
     1>Project "D:\Externals\MsdnHelper\src\MsdnHelper.sln" (1) is building "D:\Externals\MsdnHelper\src\MsdnHelper.csproj" (2) on node 1 (default targets).
     2>Building with tools version "4.0".
     2>Target "_CheckForInvalidConfigurationAndPlatform" in file "C:\Windows\Microsoft.NET\Framework\v4.0.30319\Microsoft.Common.targets" from project "D:\Externals\MsdnHelper\src\MsdnHelper.csproj" (entry point):
       Task "Error" skipped, due to false condition; ( '$(_InvalidConfigurationError)' == 'true' ) was evaluated as ( '' == 'true' ).
       Task "Warning" skipped, due to false condition; ( '$(_InvalidConfigurationWarning)' == 'true' ) was evaluated as ( '' == 'true' ).
       Using "Message" task from assembly "Microsoft.Build.Tasks.v4.0, Version=4.0.0.0, Culture=neutral, PublicKeyToken=b03f5f7f11d50a3a".
       Task "Message"
         Configuration=Debug
       Done executing task "Message".
       Task "Message"
         Platform=AnyCPU
       Done executing task "Message".
       Task "Error" skipped, due to false condition; ('$(OutDir)' != '' and !HasTrailingSlash('$(OutDir)')) was evaluated as ('..\bin\' != '' and !HasTrailingSlash('..\bin\')).
       Task "Error" skipped, due to false condition; ('$(BaseIntermediateOutputPath)' != '' and !HasTrailingSlash('$(BaseIntermediateOutputPath)')) was evaluated as ('obj\' != '' and !HasTrailingSlash('obj\')).
       Task "Error" skipped, due to false condition; ('$(IntermediateOutputPath)' != '' and !HasTrailingSlash('$(IntermediateOutputPath)')) was evaluated as ('obj\Debug\' != '' and !HasTrailingSlash('obj\Debug\')).
     2>Done building target "_CheckForInvalidConfigurationAndPlatform" in project "MsdnHelper.csproj".
     2>Target "DevartEntityDeploy" in file "C:\Program Files (x86)\MSBuild\Devart\v3.5\Devart.Data.Entity.targets" from project "D:\Externals\MsdnHelper\src\MsdnHelper.csproj" (target "Build" depends on it):
       Using "DevartEntityDeploy" task from assembly "C:\Program Files (x86)\MSBuild\Devart\v3.5\Devart.Data.Entity.Build.Tasks.dll".
       Task "DevartEntityDeploy"
         DevartEntityDeploy succeeded for 0 items.
       Done executing task "DevartEntityDeploy".
     2>Done building target "DevartEntityDeploy" in project "MsdnHelper.csproj".
       Target "EntityDeploy" skipped, due to false condition; ('@(EntityDeploy)' != '') was evaluated as ('' != '').
     2>Target "BeforeBuild" in file "C:\Windows\Microsoft.NET\Framework\v4.0.30319\Microsoft.Common.targets" from project "D:\Externals\MsdnHelper\src\MsdnHelper.csproj" (target "Build" depends on it):
     2>Done building target "BeforeBuild" in project "MsdnHelper.csproj".
     2>Target "BuildOnlySettings" in file "C:\Windows\Microsoft.NET\Framework\v4.0.30319\Microsoft.Common.targets" from project "D:\Externals\MsdnHelper\src\MsdnHelper.csproj" (target "CoreBuild" depends on it):
     2>Done building target "BuildOnlySettings" in project "MsdnHelper.csproj".
     2>Target "GetFrameworkPaths" in file "C:\Windows\Microsoft.NET\Framework\v4.0.30319\Microsoft.NETFramework.targets" from project "D:\Externals\MsdnHelper\src\MsdnHelper.csproj" (target "PrepareForBuild" depends on it):
     2>Done building target "GetFrameworkPaths" in project "MsdnHelper.csproj".
       Target "GetWinFXPath" skipped, due to false condition; (('@(Page)' != '' or '@(ApplicationDefinition)' != '' or '@(Resource)' != '') and ('$(GetWinFXNativePath)' != '' or '$(GetWinFXWoWPath)' != '' )) was evaluated as (('' != '' or '' != '' or '' != '') and ('' != '' or '' != '' )).
     2>Target "GetReferenceAssemblyPaths" in file "C:\Windows\Microsoft.NET\Framework\v4.0.30319\Microsoft.Common.targets" from project "D:\Externals\MsdnHelper\src\MsdnHelper.csproj" (target "PrepareForBuild" depends on it):
       Using "GetReferenceAssemblyPaths" task from assembly "Microsoft.Build.Tasks.v4.0, Version=4.0.0.0, Culture=neutral, PublicKeyToken=b03f5f7f11d50a3a".
       Task "GetReferenceAssemblyPaths"
       Done executing task "GetReferenceAssemblyPaths".
     2>Done building target "GetReferenceAssemblyPaths" in project "MsdnHelper.csproj".
     2>Target "PrepareForBuild" in file "C:\Windows\Microsoft.NET\Framework\v4.0.30319\Microsoft.Common.targets" from project "D:\Externals\MsdnHelper\src\MsdnHelper.csproj" (target "CoreBuild" depends on it):
       Using "FindAppConfigFile" task from assembly "Microsoft.Build.Tasks.v4.0, Version=4.0.0.0, Culture=neutral, PublicKeyToken=b03f5f7f11d50a3a".
       Task "FindAppConfigFile"
         Found "App.config".
       Done executing task "FindAppConfigFile".
       Using "MakeDir" task from assembly "Microsoft.Build.Tasks.v4.0, Version=4.0.0.0, Culture=neutral, PublicKeyToken=b03f5f7f11d50a3a".
       Task "MakeDir"
       Done executing task "MakeDir".
     2>Done building target "PrepareForBuild" in project "MsdnHelper.csproj".
       Target "PreBuildEvent" skipped, due to false condition; ('$(PreBuildEvent)'!='') was evaluated as (''!='').
     2>Target "BeforeResolveReferences" in file "C:\Windows\Microsoft.NET\Framework\v4.0.30319\Microsoft.Common.targets" from project "D:\Externals\MsdnHelper\src\MsdnHelper.csproj" (target "ResolveReferences" depends on it):
     2>Done building target "BeforeResolveReferences" in project "MsdnHelper.csproj".
     2>Target "AssignProjectConfiguration" in file "C:\Windows\Microsoft.NET\Framework\v4.0.30319\Microsoft.Common.targets" from project "D:\Externals\MsdnHelper\src\MsdnHelper.csproj" (target "ResolveReferences" depends on it):
       Using "AssignProjectConfiguration" task from assembly "Microsoft.Build.Tasks.v4.0, Version=4.0.0.0, Culture=neutral, PublicKeyToken=b03f5f7f11d50a3a".
       Task "AssignProjectConfiguration"
       Done executing task "AssignProjectConfiguration".
     2>Done building target "AssignProjectConfiguration" in project "MsdnHelper.csproj".
       Target "AssignProjectConfiguration" skipped. Previously built successfully.
     2>Target "_SplitProjectReferencesByFileExistence" in file "C:\Windows\Microsoft.NET\Framework\v4.0.30319\Microsoft.Common.targets" from project "D:\Externals\MsdnHelper\src\MsdnHelper.csproj" (target "ResolveProjectReferences" depends on it):
       Task "ResolveNonMSBuildProjectOutput" skipped, due to false condition; ('$(BuildingInsideVisualStudio)'=='true' and '@(ProjectReferenceWithConfiguration)'!='') was evaluated as (''=='true' and ''!='').
     2>Done building target "_SplitProjectReferencesByFileExistence" in project "MsdnHelper.csproj".
     2>Target "ResolveProjectReferences" in file "C:\Windows\Microsoft.NET\Framework\v4.0.30319\Microsoft.Common.targets" from project "D:\Externals\MsdnHelper\src\MsdnHelper.csproj" (target "ResolveReferences" depends on it):
       Task "MSBuild" skipped, due to false condition; ('%(_MSBuildProjectReferenceExistent.BuildReference)' == 'true' and '@(ProjectReferenceWithConfiguration)' != '' and ('$(BuildingInsideVisualStudio)' == 'true' or '$(BuildProjectReferences)' != 'true') and '@(_MSBuildProjectReferenceExistent)' != '') was evaluated as ('' == 'true' and '' != '' and ('' == 'true' or 'true' != 'true') and '' != '').
       Task "MSBuild" skipped, due to false condition; ('%(_MSBuildProjectReferenceExistent.BuildReference)' == 'true' and '@(ProjectReferenceWithConfiguration)' != '' and '$(BuildingInsideVisualStudio)' != 'true' and '$(BuildProjectReferences)' == 'true' and '@(_MSBuildProjectReferenceExistent)' != '') was evaluated as ('' == 'true' and '' != '' and '' != 'true' and 'true' == 'true' and '' != '').
       Task "MSBuild" skipped, due to false condition; ('%(_MSBuildProjectReferenceExistent.BuildReference)' == 'true' and '@(ProjectReferenceWithConfiguration)' != '' and '$(BuildingProject)' == 'true' and '@(_MSBuildProjectReferenceExistent)' != '') was evaluated as ('' == 'true' and '' != '' and 'true' == 'true' and '' != '').
       Task "Warning" skipped, due to false condition; ('@(ProjectReferenceWithConfiguration)' != '' and '@(_MSBuildProjectReferenceNonexistent)' != '') was evaluated as ('' != '' and '' != '').
     2>Done building target "ResolveProjectReferences" in project "MsdnHelper.csproj".
       Target "ResolveNativeReferences" skipped, due to false condition; ('@(NativeReference)'!='') was evaluated as (''!='').
       Target "GetFrameworkPaths" skipped. Previously built successfully.
       Target "GetReferenceAssemblyPaths" skipped. Previously built successfully.
       Target "PrepareForBuild" skipped. Previously built successfully.
     2>Target "GetInstalledSDKLocations" in file "C:\Windows\Microsoft.NET\Framework\v4.0.30319\Microsoft.Common.targets" from project "D:\Externals\MsdnHelper\src\MsdnHelper.csproj" (target "ResolveSDKReferences" depends on it):
       Task "GetInstalledSDKLocations" skipped, due to false condition; ('@(SDKReference)' != '') was evaluated as ('' != '').
     2>Done building target "GetInstalledSDKLocations" in project "MsdnHelper.csproj".
     2>Target "ResolveSDKReferences" in file "C:\Windows\Microsoft.NET\Framework\v4.0.30319\Microsoft.Common.targets" from project "D:\Externals\MsdnHelper\src\MsdnHelper.csproj" (target "ResolveAssemblyReferences" depends on it):
       Task "ResolveSDKReference" skipped, due to false condition; ('@(SDKReference)'!='') was evaluated as (''!='').
     2>Done building target "ResolveSDKReferences" in project "MsdnHelper.csproj".
       Target "ResolveSDKReferences" skipped. Previously built successfully.
     2>Target "ExpandSDKReferences" in file "C:\Windows\Microsoft.NET\Framework\v4.0.30319\Microsoft.Common.targets" from project "D:\Externals\MsdnHelper\src\MsdnHelper.csproj" (target "ResolveAssemblyReferences" depends on it):
       Task "GetSDKReferenceFiles" skipped, due to false condition; ('@(ResolvedSDKReference)'!='') was evaluated as (''!='').
     2>Done building target "ExpandSDKReferences" in project "MsdnHelper.csproj".
       Target "FakesGenerateBeforeBuild" skipped, due to false condition; (@(Fakes) != '' AND $(BuildingProject)) was evaluated as ( != '' AND true).
     2>Target "ResolveAssemblyReferences" in file "C:\Windows\Microsoft.NET\Framework\v4.0.30319\Microsoft.Common.targets" from project "D:\Externals\MsdnHelper\src\MsdnHelper.csproj" (target "ResolveReferences" depends on it):
       Using "ResolveAssemblyReference" task from assembly "Microsoft.Build.Tasks.v4.0, Version=4.0.0.0, Culture=neutral, PublicKeyToken=b03f5f7f11d50a3a".
       Task "ResolveAssemblyReference"
         TargetFrameworkMoniker:
             .NETFramework,Version=v4.5
         TargetFrameworkMonikerDisplayName:
             .NET Framework 4.5
         TargetedRuntimeVersion:
             v4.0.30319
         Assemblies:
             System
             System.Runtime.Serialization
             System.ServiceModel
             System.Xml.Linq
             System.Data.DataSetExtensions
             Microsoft.CSharp
             System.Data
             System.Xml
             System.Core
         AssemblyFiles:
             C:\Program Files (x86)\Reference Assemblies\Microsoft\Framework\.NETFramework\v4.5\mscorlib.dll
         CandidateAssemblyFiles:
         TargetFrameworkDirectories:
             C:\Program Files (x86)\Reference Assemblies\Microsoft\Framework\.NETFramework\v4.5\,C:\Program Files (x86)\Reference Assemblies\Microsoft\Framework\.NETFramework\v4.5\Facades\
         InstalledAssemblyTables:
         IgnoreInstalledAssemblyTable:
             False
         SearchPaths:
             D:\Externals\MsdnHelper\src\FakesAssemblies
             {CandidateAssemblyFiles}
             {HintPathFromItem}
             {TargetFrameworkDirectory}
             {Registry:Software\Microsoft\.NETFramework,v4.5,AssemblyFoldersEx}
             {AssemblyFolders}
             {GAC}
             {RawFileName}
             ..\bin\
         AllowedAssemblyExtensions:
             .winmd
             .dll
             .exe
         AllowedRelatedFileExtensions:
             .pdb
             .xml
             .pri
         AppConfigFile:
             App.config
         AutoUnify:
             False
         CopyLocalDependenciesWhenParentReferenceInGac:
             True
         FindDependencies:
             True
         TargetProcessorArchitecture:
             msil
         StateFile:
             obj\Debug\MsdnHelper.csprojResolveAssemblyReference.cache
         InstalledAssemblySubsetTables:
         IgnoreInstalledAssemblySubsetTable:
             False
         TargetFrameworkSubsets:
         FullTargetFrameworkSubsetNames:
             Full
         ProfileName:
             
         FullFrameworkFolders:
             C:\Program Files (x86)\Reference Assemblies\Microsoft\Framework\.NETFramework\v4.5\
         LatestTargetFrameworkDirectories:
         ProfileTablesLocation:
         Primary reference "mscorlib, Version=4.0.0.0, Culture=neutral, PublicKeyToken=b77a5c561934e089".
             Resolved file path is "C:\Program Files (x86)\Reference Assemblies\Microsoft\Framework\.NETFramework\v4.5\mscorlib.dll".
             Reference found at search path location "C:\Program Files (x86)\Reference Assemblies\Microsoft\Framework\.NETFramework\v4.5\mscorlib.dll".
             This reference is not "CopyLocal" because it's in a Frameworks directory.
             The ImageRuntimeVersion for this reference is "v4.0.30319".
         Primary reference "System, Version=4.0.0.0, Culture=neutral, PublicKeyToken=b77a5c561934e089".
             Resolved file path is "C:\Program Files (x86)\Reference Assemblies\Microsoft\Framework\.NETFramework\v4.5\System.dll".
             Reference found at search path location "{TargetFrameworkDirectory}".
                 For SearchPath "D:\Externals\MsdnHelper\src\FakesAssemblies".
                 Considered "D:\Externals\MsdnHelper\src\FakesAssemblies\System.winmd", but it didn't exist.
                 Considered "D:\Externals\MsdnHelper\src\FakesAssemblies\System.dll", but it didn't exist.
                 Considered "D:\Externals\MsdnHelper\src\FakesAssemblies\System.exe", but it didn't exist.
                 For SearchPath "{TargetFrameworkDirectory}".
                 Considered "C:\Program Files (x86)\Reference Assemblies\Microsoft\Framework\.NETFramework\v4.5\System.winmd", but it didn't exist.
             This reference is not "CopyLocal" because it's a prerequisite file.
             The ImageRuntimeVersion for this reference is "v4.0.30319".
         Primary reference "System.Runtime.Serialization, Version=4.0.0.0, Culture=neutral, PublicKeyToken=b77a5c561934e089".
             Resolved file path is "C:\Program Files (x86)\Reference Assemblies\Microsoft\Framework\.NETFramework\v4.5\System.Runtime.Serialization.dll".
             Reference found at search path location "{TargetFrameworkDirectory}".
                 For SearchPath "D:\Externals\MsdnHelper\src\FakesAssemblies".
                 Considered "D:\Externals\MsdnHelper\src\FakesAssemblies\System.Runtime.Serialization.winmd", but it didn't exist.
                 Considered "D:\Externals\MsdnHelper\src\FakesAssemblies\System.Runtime.Serialization.dll", but it didn't exist.
                 Considered "D:\Externals\MsdnHelper\src\FakesAssemblies\System.Runtime.Serialization.exe", but it didn't exist.
                 For SearchPath "{TargetFrameworkDirectory}".
                 Considered "C:\Program Files (x86)\Reference Assemblies\Microsoft\Framework\.NETFramework\v4.5\System.Runtime.Serialization.winmd", but it didn't exist.
             This reference is not "CopyLocal" because it's a prerequisite file.
             The ImageRuntimeVersion for this reference is "v4.0.30319".
         Primary reference "System.ServiceModel, Version=4.0.0.0, Culture=neutral, PublicKeyToken=b77a5c561934e089".
             Resolved file path is "C:\Program Files (x86)\Reference Assemblies\Microsoft\Framework\.NETFramework\v4.5\System.ServiceModel.dll".
             Reference found at search path location "{TargetFrameworkDirectory}".
                 For SearchPath "D:\Externals\MsdnHelper\src\FakesAssemblies".
                 Considered "D:\Externals\MsdnHelper\src\FakesAssemblies\System.ServiceModel.winmd", but it didn't exist.
                 Considered "D:\Externals\MsdnHelper\src\FakesAssemblies\System.ServiceModel.dll", but it didn't exist.
                 Considered "D:\Externals\MsdnHelper\src\FakesAssemblies\System.ServiceModel.exe", but it didn't exist.
                 For SearchPath "{TargetFrameworkDirectory}".
                 Considered "C:\Program Files (x86)\Reference Assemblies\Microsoft\Framework\.NETFramework\v4.5\System.ServiceModel.winmd", but it didn't exist.
             This reference is not "CopyLocal" because it's a prerequisite file.
             The ImageRuntimeVersion for this reference is "v4.0.30319".
         Primary reference "System.Xml.Linq, Version=4.0.0.0, Culture=neutral, PublicKeyToken=b77a5c561934e089".
             Resolved file path is "C:\Program Files (x86)\Reference Assemblies\Microsoft\Framework\.NETFramework\v4.5\System.Xml.Linq.dll".
             Reference found at search path location "{TargetFrameworkDirectory}".
                 For SearchPath "D:\Externals\MsdnHelper\src\FakesAssemblies".
                 Considered "D:\Externals\MsdnHelper\src\FakesAssemblies\System.Xml.Linq.winmd", but it didn't exist.
                 Considered "D:\Externals\MsdnHelper\src\FakesAssemblies\System.Xml.Linq.dll", but it didn't exist.
                 Considered "D:\Externals\MsdnHelper\src\FakesAssemblies\System.Xml.Linq.exe", but it didn't exist.
                 For SearchPath "{TargetFrameworkDirectory}".
                 Considered "C:\Program Files (x86)\Reference Assemblies\Microsoft\Framework\.NETFramework\v4.5\System.Xml.Linq.winmd", but it didn't exist.
             This reference is not "CopyLocal" because it's a prerequisite file.
             The ImageRuntimeVersion for this reference is "v4.0.30319".
         Primary reference "System.Data.DataSetExtensions, Version=4.0.0.0, Culture=neutral, PublicKeyToken=b77a5c561934e089".
             Resolved file path is "C:\Program Files (x86)\Reference Assemblies\Microsoft\Framework\.NETFramework\v4.5\System.Data.DataSetExtensions.dll".
             Reference found at search path location "{TargetFrameworkDirectory}".
                 For SearchPath "D:\Externals\MsdnHelper\src\FakesAssemblies".
                 Considered "D:\Externals\MsdnHelper\src\FakesAssemblies\System.Data.DataSetExtensions.winmd", but it didn't exist.
                 Considered "D:\Externals\MsdnHelper\src\FakesAssemblies\System.Data.DataSetExtensions.dll", but it didn't exist.
                 Considered "D:\Externals\MsdnHelper\src\FakesAssemblies\System.Data.DataSetExtensions.exe", but it didn't exist.
                 For SearchPath "{TargetFrameworkDirectory}".
                 Considered "C:\Program Files (x86)\Reference Assemblies\Microsoft\Framework\.NETFramework\v4.5\System.Data.DataSetExtensions.winmd", but it didn't exist.
             This reference is not "CopyLocal" because it's a prerequisite file.
             The ImageRuntimeVersion for this reference is "v4.0.30319".
         Primary reference "Microsoft.CSharp, Version=4.0.0.0, Culture=neutral, PublicKeyToken=b03f5f7f11d50a3a".
             Resolved file path is "C:\Program Files (x86)\Reference Assemblies\Microsoft\Framework\.NETFramework\v4.5\Microsoft.CSharp.dll".
             Reference found at search path location "{TargetFrameworkDirectory}".
                 For SearchPath "D:\Externals\MsdnHelper\src\FakesAssemblies".
                 Considered "D:\Externals\MsdnHelper\src\FakesAssemblies\Microsoft.CSharp.winmd", but it didn't exist.
                 Considered "D:\Externals\MsdnHelper\src\FakesAssemblies\Microsoft.CSharp.dll", but it didn't exist.
                 Considered "D:\Externals\MsdnHelper\src\FakesAssemblies\Microsoft.CSharp.exe", but it didn't exist.
                 For SearchPath "{TargetFrameworkDirectory}".
                 Considered "C:\Program Files (x86)\Reference Assemblies\Microsoft\Framework\.NETFramework\v4.5\Microsoft.CSharp.winmd", but it didn't exist.
             This reference is not "CopyLocal" because it's a prerequisite file.
             The ImageRuntimeVersion for this reference is "v4.0.30319".
         Primary reference "System.Data, Version=4.0.0.0, Culture=neutral, PublicKeyToken=b77a5c561934e089".
             Resolved file path is "C:\Program Files (x86)\Reference Assemblies\Microsoft\Framework\.NETFramework\v4.5\System.Data.dll".
             Reference found at search path location "{TargetFrameworkDirectory}".
                 For SearchPath "D:\Externals\MsdnHelper\src\FakesAssemblies".
                 Considered "D:\Externals\MsdnHelper\src\FakesAssemblies\System.Data.winmd", but it didn't exist.
                 Considered "D:\Externals\MsdnHelper\src\FakesAssemblies\System.Data.dll", but it didn't exist.
                 Considered "D:\Externals\MsdnHelper\src\FakesAssemblies\System.Data.exe", but it didn't exist.
                 For SearchPath "{TargetFrameworkDirectory}".
                 Considered "C:\Program Files (x86)\Reference Assemblies\Microsoft\Framework\.NETFramework\v4.5\System.Data.winmd", but it didn't exist.
             This reference is not "CopyLocal" because it's a prerequisite file.
             The ImageRuntimeVersion for this reference is "v4.0.30319".
         Primary reference "System.Xml, Version=4.0.0.0, Culture=neutral, PublicKeyToken=b77a5c561934e089".
             Resolved file path is "C:\Program Files (x86)\Reference Assemblies\Microsoft\Framework\.NETFramework\v4.5\System.Xml.dll".
             Reference found at search path location "{TargetFrameworkDirectory}".
                 For SearchPath "D:\Externals\MsdnHelper\src\FakesAssemblies".
                 Considered "D:\Externals\MsdnHelper\src\FakesAssemblies\System.Xml.winmd", but it didn't exist.
                 Considered "D:\Externals\MsdnHelper\src\FakesAssemblies\System.Xml.dll", but it didn't exist.
                 Considered "D:\Externals\MsdnHelper\src\FakesAssemblies\System.Xml.exe", but it didn't exist.
                 For SearchPath "{TargetFrameworkDirectory}".
                 Considered "C:\Program Files (x86)\Reference Assemblies\Microsoft\Framework\.NETFramework\v4.5\System.Xml.winmd", but it didn't exist.
             This reference is not "CopyLocal" because it's a prerequisite file.
             The ImageRuntimeVersion for this reference is "v4.0.30319".
         Primary reference "System.Core, Version=4.0.0.0, Culture=neutral, PublicKeyToken=b77a5c561934e089".
             Resolved file path is "C:\Program Files (x86)\Reference Assemblies\Microsoft\Framework\.NETFramework\v4.5\System.Core.dll".
             Reference found at search path location "{TargetFrameworkDirectory}".
                 For SearchPath "D:\Externals\MsdnHelper\src\FakesAssemblies".
                 Considered "D:\Externals\MsdnHelper\src\FakesAssemblies\System.Core.winmd", but it didn't exist.
                 Considered "D:\Externals\MsdnHelper\src\FakesAssemblies\System.Core.dll", but it didn't exist.
                 Considered "D:\Externals\MsdnHelper\src\FakesAssemblies\System.Core.exe", but it didn't exist.
                 For SearchPath "{TargetFrameworkDirectory}".
                 Considered "C:\Program Files (x86)\Reference Assemblies\Microsoft\Framework\.NETFramework\v4.5\System.Core.winmd", but it didn't exist.
             This reference is not "CopyLocal" because it's a prerequisite file.
             The ImageRuntimeVersion for this reference is "v4.0.30319".
       Done executing task "ResolveAssemblyReference".
     2>Done building target "ResolveAssemblyReferences" in project "MsdnHelper.csproj".
       Target "ResolveComReferences" skipped, due to false condition; ('@(COMReference)'!='' or '@(COMFileReference)'!='') was evaluated as (''!='' or ''!='').
     2>Target "AfterResolveReferences" in file "C:\Windows\Microsoft.NET\Framework\v4.0.30319\Microsoft.Common.targets" from project "D:\Externals\MsdnHelper\src\MsdnHelper.csproj" (target "ResolveReferences" depends on it):
     2>Done building target "AfterResolveReferences" in project "MsdnHelper.csproj".
       Target "GetReferenceAssemblyPaths" skipped. Previously built successfully.
     2>Target "ImplicitlyExpandDesignTimeFacades" in file "C:\Windows\Microsoft.NET\Framework\v4.0.30319\Microsoft.NETFramework.targets" from project "D:\Externals\MsdnHelper\src\MsdnHelper.csproj" (target "ResolveReferences" depends on it):
       Task "Message" skipped, due to false condition; ('%(ReferencePath.ResolvedFrom)' == 'ImplicitlyExpandDesignTimeFacades') was evaluated as ('{TargetFrameworkDirectory}' == 'ImplicitlyExpandDesignTimeFacades').
       Task "Message" skipped, due to false condition; ('%(ReferencePath.ResolvedFrom)' == 'ImplicitlyExpandDesignTimeFacades') was evaluated as ('C:\Program Files (x86)\Reference Assemblies\Microsoft\Framework\.NETFramework\v4.5\mscorlib.dll' == 'ImplicitlyExpandDesignTimeFacades').
     2>Done building target "ImplicitlyExpandDesignTimeFacades" in project "MsdnHelper.csproj".
       Target "ResolveTestReferences" skipped, due to false condition; ('@(Shadow)'!='') was evaluated as (''!='').
       Target "MolesGenerateBeforeBuild" skipped, due to false condition; (@(Moles) != '' AND '$(BuildingProject)' == 'true') was evaluated as ( != '' AND 'true' == 'true').
     2>Target "ResolveReferences" in file "C:\Windows\Microsoft.NET\Framework\v4.0.30319\Microsoft.Common.targets" from project "D:\Externals\MsdnHelper\src\MsdnHelper.csproj" (target "CoreBuild" depends on it):
     2>Done building target "ResolveReferences" in project "MsdnHelper.csproj".
     2>Target "ValidationExtension" in file "C:\Windows\Microsoft.NET\Framework\v4.0.30319\Microsoft.WorkflowBuildExtensions.targets" from project "D:\Externals\MsdnHelper\src\MsdnHelper.csproj" (target "PrepareResources" depends on it):
       Task "WorkflowBuildMessageTask" skipped, due to false condition; ('$(SkipWorkflowValidation)'!='' and '$(SkipWorkflowValidation)'!='true' and '$(SkipWorkflowValidation)'!='false') was evaluated as (''!='' and ''!='true' and ''!='false').
     2>Done building target "ValidationExtension" in project "MsdnHelper.csproj".
     2>Target "ExpressionBuildExtension" in file "C:\Windows\Microsoft.NET\Framework\v4.0.30319\Microsoft.WorkflowBuildExtensions.targets" from project "D:\Externals\MsdnHelper\src\MsdnHelper.csproj" (target "PrepareResources" depends on it):
       Task "WorkflowBuildMessageTask" skipped, due to false condition; ('$(DisableWorkflowCompiledExpressions)'!='' and '$(DisableWorkflowCompiledExpressions)'!='true' and '$(DisableWorkflowCompiledExpressions)'!='false') was evaluated as (''!='' and ''!='true' and ''!='false').
     2>Done building target "ExpressionBuildExtension" in project "MsdnHelper.csproj".
       Target "XamlMarkupCompilePass1" skipped, due to false condition; ('@(XamlPage)' != '' or '@(XamlAppDef)' != '') was evaluated as ('' != '' or '' != '').
       Target "XamlMarkupCompileReadGeneratedFileList" skipped, due to false condition; ('@(XamlPage)' != '' or '@(XamlAppDef)' != '') was evaluated as ('' != '' or '' != '').
       Target "XamlMarkupCompileAddFilesGenerated" skipped, due to false condition; ('@(XamlPage)' != '' or '@(XamlAppDef)' != '') was evaluated as ('' != '' or '' != '').
       Target "XamlMarkupCompilePass2" skipped, due to false condition; ('$(XamlRequiresCompilationPass2)' == 'true' ) was evaluated as ('false' == 'true' ).
       Target "XamlMarkupCompileReadPass2Flag" skipped, due to false condition; ('@(XamlPage)' != '' or '@(XamlAppDef)' != '') was evaluated as ('' != '' or '' != '').
       Target "XamlMarkupCompileAddExtensionFilesGenerated" skipped, due to false condition; ('@(XamlPage)' != '' or '@(XamlAppDef)' != '') was evaluated as ('' != '' or '' != '').
       Target "AddDeferredValidationErrorsFileToFileWrites" skipped, due to false condition; (Exists('$(DeferredValidationErrorsFileName)')) was evaluated as (Exists('obj\Debug\\AC2C1ABA-CCF6-44D4-8127-588FD4D0A860-DeferredValidationErrors.xml')).
       Target "ReportValidationBuildExtensionErrors" skipped, due to false condition; ('$(SkipWorkflowValidation)' != 'true' and ('@(XamlPage)' != '' or '@(XamlAppDef)' != '')) was evaluated as ('' != 'true' and ('' != '' or '' != '')).
       Target "MarkupCompilePass1" skipped, due to false condition; ('@(Page)' != '' or '@(ApplicationDefinition)' != '' ) was evaluated as ('' != '' or '' != '' ).
     2>Target "AfterMarkupCompilePass1" in file "C:\Windows\Microsoft.NET\Framework\v4.0.30319\Microsoft.WinFX.targets" from project "D:\Externals\MsdnHelper\src\MsdnHelper.csproj" (target "PrepareResources" depends on it):
     2>Done building target "AfterMarkupCompilePass1" in project "MsdnHelper.csproj".
       Target "MarkupCompilePass2ForMainAssembly" skipped, due to false condition; ('$(_RequireMCPass2ForMainAssembly)' == 'true' ) was evaluated as ('false' == 'true' ).
     2>Target "FileClassification" in file "C:\Windows\Microsoft.NET\Framework\v4.0.30319\Microsoft.WinFX.targets" from project "D:\Externals\MsdnHelper\src\MsdnHelper.csproj" (target "PrepareResources" depends on it):
       Task "FileClassifier" skipped, due to false condition; ('@(GeneratedBaml)' != '' or '@(Resource)' != '' or '@(Font)' != '') was evaluated as ('' != '' or '' != '' or '' != '').
       Task "Message" skipped, due to false condition; ('$(MSBuildTargetsVerbose)'=='true') was evaluated as (''=='true').
       Task "Message" skipped, due to false condition; ('$(MSBuildTargetsVerbose)'=='true') was evaluated as (''=='true').
     2>Done building target "FileClassification" in project "MsdnHelper.csproj".
       Target "MainResourcesGeneration" skipped, due to false condition; ('@(MainEmbeddedFiles)' != '') was evaluated as ('' != '').
       Target "AssignWinFXEmbeddedResource" skipped, due to false condition; ('@(WinFXEmbeddedResource)' != '') was evaluated as ('' != '').
     2>Target "AssignTargetPaths" in file "C:\Windows\Microsoft.NET\Framework\v4.0.30319\Microsoft.Common.targets" from project "D:\Externals\MsdnHelper\src\MsdnHelper.csproj" (target "PrepareResourceNames" depends on it):
       Using "AssignTargetPath" task from assembly "Microsoft.Build.Tasks.v4.0, Version=4.0.0.0, Culture=neutral, PublicKeyToken=b03f5f7f11d50a3a".
       Task "AssignTargetPath"
       Done executing task "AssignTargetPath".
       Task "AssignTargetPath"
       Done executing task "AssignTargetPath".
       Task "AssignTargetPath"
       Done executing task "AssignTargetPath".
       Task "AssignTargetPath"
       Done executing task "AssignTargetPath".
       Task "AssignTargetPath" skipped, due to false condition; ('@(_DeploymentBaseManifestWithTargetPath)'=='' and '%(None.Extension)'=='.manifest') was evaluated as (''=='' and '.config'=='.manifest').
       Task "AssignTargetPath" skipped, due to false condition; ('@(_DeploymentBaseManifestWithTargetPath)'=='' and '%(None.Extension)'=='.manifest') was evaluated as (''=='' and '.xsd'=='.manifest').
       Task "AssignTargetPath" skipped, due to false condition; ('@(_DeploymentBaseManifestWithTargetPath)'=='' and '%(None.Extension)'=='.manifest') was evaluated as (''=='' and '.wsdl'=='.manifest').
       Task "AssignTargetPath" skipped, due to false condition; ('@(_DeploymentBaseManifestWithTargetPath)'=='' and '%(None.Extension)'=='.manifest') was evaluated as (''=='' and '.datasource'=='.manifest').
       Task "AssignTargetPath" skipped, due to false condition; ('@(_DeploymentBaseManifestWithTargetPath)'=='' and '%(None.Extension)'=='.manifest') was evaluated as (''=='' and '.svcinfo'=='.manifest').
       Task "AssignTargetPath" skipped, due to false condition; ('@(_DeploymentBaseManifestWithTargetPath)'=='' and '%(None.Extension)'=='.manifest') was evaluated as (''=='' and '.svcmap'=='.manifest').
     2>Done building target "AssignTargetPaths" in project "MsdnHelper.csproj".
       Target "AssignTargetPaths" skipped. Previously built successfully.
     2>Target "SplitResourcesByCulture" in file "C:\Windows\Microsoft.NET\Framework\v4.0.30319\Microsoft.Common.targets" from project "D:\Externals\MsdnHelper\src\MsdnHelper.csproj" (target "PrepareResourceNames" depends on it):
       Task "Warning" skipped, due to false condition; ('@(ResxWithNoCulture)'!='') was evaluated as (''!='').
       Task "Warning" skipped, due to false condition; ('@(ResxWithCulture)'!='') was evaluated as (''!='').
       Task "Warning" skipped, due to false condition; ('@(NonResxWithCulture)'!='') was evaluated as (''!='').
       Task "Warning" skipped, due to false condition; ('@(NonResxWithNoCulture)'!='') was evaluated as (''!='').
       Using "AssignCulture" task from assembly "Microsoft.Build.Tasks.v4.0, Version=4.0.0.0, Culture=neutral, PublicKeyToken=b03f5f7f11d50a3a".
       Task "AssignCulture"
       Done executing task "AssignCulture".
     2>Done building target "SplitResourcesByCulture" in project "MsdnHelper.csproj".
       Target "CreateManifestResourceNames" skipped, due to false condition; ('@(EmbeddedResource)' != '') was evaluated as ('' != '').
     2>Target "CreateCustomManifestResourceNames" in file "C:\Windows\Microsoft.NET\Framework\v4.0.30319\Microsoft.Common.targets" from project "D:\Externals\MsdnHelper\src\MsdnHelper.csproj" (target "PrepareResourceNames" depends on it):
     2>Done building target "CreateCustomManifestResourceNames" in project "MsdnHelper.csproj".
     2>Target "PrepareResourceNames" in file "C:\Windows\Microsoft.NET\Framework\v4.0.30319\Microsoft.Common.targets" from project "D:\Externals\MsdnHelper\src\MsdnHelper.csproj" (target "PrepareResources" depends on it):
     2>Done building target "PrepareResourceNames" in project "MsdnHelper.csproj".
       Target "ResolveAssemblyReferences" skipped. Previously built successfully.
       Target "SplitResourcesByCulture" skipped. Previously built successfully.
     2>Target "BeforeResGen" in file "C:\Windows\Microsoft.NET\Framework\v4.0.30319\Microsoft.Common.targets" from project "D:\Externals\MsdnHelper\src\MsdnHelper.csproj" (target "ResGen" depends on it):
     2>Done building target "BeforeResGen" in project "MsdnHelper.csproj".
     2>Target "CoreResGen" in file "C:\Windows\Microsoft.NET\Framework\v4.0.30319\Microsoft.Common.targets" from project "D:\Externals\MsdnHelper\src\MsdnHelper.csproj" (target "ResGen" depends on it):
       Task "GenerateResource" skipped, due to false condition; ('%(EmbeddedResource.Type)' == 'Resx' and '%(EmbeddedResource.GenerateResource)' != 'false' and '$(GenerateResourceMSBuildRuntime)' != 'CLR2') was evaluated as ('' == 'Resx' and '' != 'false' and 'CLR4' != 'CLR2').
       Task "GenerateResource" skipped, due to false condition; ('%(EmbeddedResource.Type)' == 'Resx' and '%(EmbeddedResource.GenerateResource)' != 'false' and '$(GenerateResourceMSBuildRuntime)' == 'CLR2') was evaluated as ('' == 'Resx' and '' != 'false' and 'CLR4' == 'CLR2').
     2>Done building target "CoreResGen" in project "MsdnHelper.csproj".
     2>Target "AfterResGen" in file "C:\Windows\Microsoft.NET\Framework\v4.0.30319\Microsoft.Common.targets" from project "D:\Externals\MsdnHelper\src\MsdnHelper.csproj" (target "ResGen" depends on it):
     2>Done building target "AfterResGen" in project "MsdnHelper.csproj".
     2>Target "ResGen" in file "C:\Windows\Microsoft.NET\Framework\v4.0.30319\Microsoft.Common.targets" from project "D:\Externals\MsdnHelper\src\MsdnHelper.csproj" (target "PrepareResources" depends on it):
     2>Done building target "ResGen" in project "MsdnHelper.csproj".
       Target "CompileLicxFiles" skipped, due to false condition; ('@(_LicxFile)'!='') was evaluated as (''!='').
     2>Target "PrepareRdlFiles" in file "C:\Program Files (x86)\MSBuild\Microsoft\VisualStudio\v11.0\ReportingServices\Microsoft.ReportingServices.targets" from project "D:\Externals\MsdnHelper\src\MsdnHelper.csproj" (target "CompileRdlFiles" depends on it):
       Task "CreateItem" skipped, due to false condition; ('%(Extension)'=='.rdlc') was evaluated as (''=='.rdlc').
     2>Done building target "PrepareRdlFiles" in project "MsdnHelper.csproj".
       Target "RunRdlCompiler" skipped, due to false condition; ('@(RdlFile)'!='') was evaluated as (''!='').
     2>Target "CompileRdlFiles" in file "C:\Program Files (x86)\MSBuild\Microsoft\VisualStudio\v11.0\ReportingServices\Microsoft.ReportingServices.targets" from project "D:\Externals\MsdnHelper\src\MsdnHelper.csproj" (target "PrepareResources" depends on it):
     2>Done building target "CompileRdlFiles" in project "MsdnHelper.csproj".
     2>Target "PrepareResources" in file "C:\Windows\Microsoft.NET\Framework\v4.0.30319\Microsoft.Common.targets" from project "D:\Externals\MsdnHelper\src\MsdnHelper.csproj" (target "CoreBuild" depends on it):
     2>Done building target "PrepareResources" in project "MsdnHelper.csproj".
       Target "ResolveKeySource" skipped, due to false condition; ($(SignManifests) == 'true' or $(SignAssembly) == 'true') was evaluated as ( == 'true' or  == 'true').
       Target "ResolveReferences" skipped. Previously built successfully.
       Target "ResolveKeySource" skipped, due to false condition; ($(SignManifests) == 'true' or $(SignAssembly) == 'true') was evaluated as ( == 'true' or  == 'true').
       Target "ResolveComReferences" skipped, due to false condition; ('@(COMReference)'!='' or '@(COMFileReference)'!='') was evaluated as (''!='' or ''!='').
       Target "ResolveNativeReferences" skipped, due to false condition; ('@(NativeReference)'!='') was evaluated as (''!='').
       Target "_SetExternalWin32ManifestProperties" skipped, due to false condition; ('$(GenerateClickOnceManifests)'=='true' or '@(NativeReference)'!='' or '@(ResolvedIsolatedComModules)'!='') was evaluated as (''=='true' or ''!='' or ''!='').
     2>Target "_SetEmbeddedWin32ManifestProperties" in file "C:\Windows\Microsoft.NET\Framework\v4.0.30319\Microsoft.Common.targets" from project "D:\Externals\MsdnHelper\src\MsdnHelper.csproj" (target "SetWin32ManifestProperties" depends on it):
       Using "GetFrameworkPath" task from assembly "Microsoft.Build.Tasks.v4.0, Version=4.0.0.0, Culture=neutral, PublicKeyToken=b03f5f7f11d50a3a".
       Task "GetFrameworkPath"
       Done executing task "GetFrameworkPath".
     2>Done building target "_SetEmbeddedWin32ManifestProperties" in project "MsdnHelper.csproj".
     2>Target "SetWin32ManifestProperties" in file "C:\Windows\Microsoft.NET\Framework\v4.0.30319\Microsoft.Common.targets" from project "D:\Externals\MsdnHelper\src\MsdnHelper.csproj" (target "Compile" depends on it):
     2>Done building target "SetWin32ManifestProperties" in project "MsdnHelper.csproj".
     2>Target "_GenerateCompileInputs" in file "C:\Windows\Microsoft.NET\Framework\v4.0.30319\Microsoft.Common.targets" from project "D:\Externals\MsdnHelper\src\MsdnHelper.csproj" (target "Compile" depends on it):
       Task "Warning" skipped, due to false condition; ('@(ManifestResourceWithNoCulture)'!='' and '%(ManifestResourceWithNoCulture.EmittedForCompatibilityOnly)'=='') was evaluated as (''!='' and ''=='').
       Task "Warning" skipped, due to false condition; ('@(ManifestNonResxWithNoCultureOnDisk)'!='' and '%(ManifestNonResxWithNoCultureOnDisk.EmittedForCompatibilityOnly)'=='') was evaluated as (''!='' and ''=='').
     2>Done building target "_GenerateCompileInputs" in project "MsdnHelper.csproj".
       Target "PrepareForBuild" skipped. Previously built successfully.
       Target "GetReferenceAssemblyPaths" skipped. Previously built successfully.
     2>Target "_SetTargetFrameworkMonikerAttribute" in file "C:\Windows\Microsoft.NET\Framework\v4.0.30319\Microsoft.CSharp.targets" from project "D:\Externals\MsdnHelper\src\MsdnHelper.csproj" (target "GenerateTargetFrameworkMonikerAttribute" depends on it):
     2>Done building target "_SetTargetFrameworkMonikerAttribute" in project "MsdnHelper.csproj".
     2>Target "GenerateTargetFrameworkMonikerAttribute" in file "C:\Windows\Microsoft.NET\Framework\v4.0.30319\Microsoft.Common.targets" from project "D:\Externals\MsdnHelper\src\MsdnHelper.csproj" (target "BeforeCompile" depends on it):
       Skipping target "GenerateTargetFrameworkMonikerAttribute" because all output files are up-to-date with respect to the input files.
       Input files: C:\Windows\Microsoft.NET\Framework\v4.0.30319\Microsoft.Common.targets
       Output files: C:\Users\yakovleva\AppData\Local\Temp\.NETFramework,Version=v4.5.AssemblyAttributes.cs
     2>Done building target "GenerateTargetFrameworkMonikerAttribute" in project "MsdnHelper.csproj".
       Target "GenerateAdditionalSources" skipped, due to false condition; ('@(AssemblyAttributes)' != '' and '$(GenerateAdditionalSources)' == 'true') was evaluated as ('' != '' and '' == 'true').
     2>Target "BeforeCompile" in file "C:\Windows\Microsoft.NET\Framework\v4.0.30319\Microsoft.Common.targets" from project "D:\Externals\MsdnHelper\src\MsdnHelper.csproj" (target "Compile" depends on it):
     2>Done building target "BeforeCompile" in project "MsdnHelper.csproj".
       Target "_TimeStampBeforeCompile" skipped, due to false condition; ('$(RunPostBuildEvent)'=='OnOutputUpdated' or ('$(RegisterForComInterop)'=='true' and '$(OutputType)'=='library')) was evaluated as (''=='OnOutputUpdated' or (''=='true' and 'Exe'=='library')).
       Target "_ComputeNonExistentFileProperty" skipped, due to false condition; (('$(BuildingInsideVisualStudio)' == 'true') and ('$(BuildingOutOfProcess)' != 'true') and (('$(BuildingProject)' == 'false') or ('$(UseHostCompilerIfAvailable)' == 'true'))) was evaluated as (('' == 'true') and ('' != 'true') and (('true' == 'false') or ('true' == 'true'))).
     2>Target "PreXsdCodeGen" in file "C:\Windows\Microsoft.NET\Framework\v4.0.30319\Microsoft.ServiceModel.targets" from project "D:\Externals\MsdnHelper\src\MsdnHelper.csproj" (target "CoreCompile" depends on it):
       Using "CallTarget" task from assembly "Microsoft.Build.Tasks.v4.0, Version=4.0.0.0, Culture=neutral, PublicKeyToken=b03f5f7f11d50a3a".
       Task "CallTarget"
     2>Target "CleanXsdCodeGen" in file "C:\Windows\Microsoft.NET\Framework\v4.0.30319\Microsoft.ServiceModel.targets" from project "D:\Externals\MsdnHelper\src\MsdnHelper.csproj" (target "PreXsdCodeGen" depends on it):
       Using "Delete" task from assembly "Microsoft.Build.Tasks.v4.0, Version=4.0.0.0, Culture=neutral, PublicKeyToken=b03f5f7f11d50a3a".
       Task "Delete"
       Done executing task "Delete".
     2>Done building target "CleanXsdCodeGen" in project "MsdnHelper.csproj".
       Done executing task "CallTarget".
     2>Done building target "PreXsdCodeGen" in project "MsdnHelper.csproj".
       Target "XsdCodeGen" skipped, due to false condition; ( '$(XsdCodeGenPreCondition)' == 'True' ) was evaluated as ( 'False' == 'True' ).
     2>Target "CoreCompile" in file "C:\Windows\Microsoft.NET\Framework\v4.0.30319\Microsoft.CSharp.targets" from project "D:\Externals\MsdnHelper\src\MsdnHelper.csproj" (target "Compile" depends on it):
       Building target "CoreCompile" completely.
       Input file "Program.cs" is newer than output file "obj\Debug\MsdnHelper.pdb".
       Using "Csc" task from assembly "Microsoft.Build.Tasks.v4.0, Version=4.0.0.0, Culture=neutral, PublicKeyToken=b03f5f7f11d50a3a".
       Task "Csc"
         C:\Windows\Microsoft.NET\Framework\v4.0.30319\Csc.exe /noconfig /nowarn:1701,1702 /nostdlib+ /platform:anycpu32bitpreferred /errorreport:prompt /warn:4 /define:DEBUG;TRACE /highentropyva+ /reference:"C:\Program Files (x86)\Reference Assemblies\Microsoft\Framework\.NETFramework\v4.5\Microsoft.CSharp.dll" /reference:"C:\Program Files (x86)\Reference Assemblies\Microsoft\Framework\.NETFramework\v4.5\mscorlib.dll" /reference:"C:\Program Files (x86)\Reference Assemblies\Microsoft\Framework\.NETFramework\v4.5\System.Core.dll" /reference:"C:\Program Files (x86)\Reference Assemblies\Microsoft\Framework\.NETFramework\v4.5\System.Data.DataSetExtensions.dll" /reference:"C:\Program Files (x86)\Reference Assemblies\Microsoft\Framework\.NETFramework\v4.5\System.Data.dll" /reference:"C:\Program Files (x86)\Reference Assemblies\Microsoft\Framework\.NETFramework\v4.5\System.dll" /reference:"C:\Program Files (x86)\Reference Assemblies\Microsoft\Framework\.NETFramework\v4.5\System.Runtime.Serialization.dll" /reference:"C:\Program Files (x86)\Reference Assemblies\Microsoft\Framework\.NETFramework\v4.5\System.ServiceModel.dll" /reference:"C:\Program Files (x86)\Reference Assemblies\Microsoft\Framework\.NETFramework\v4.5\System.Xml.dll" /reference:"C:\Program Files (x86)\Reference Assemblies\Microsoft\Framework\.NETFramework\v4.5\System.Xml.Linq.dll" /debug+ /debug:full /filealign:512 /optimize- /out:obj\Debug\MsdnHelper.exe /subsystemversion:6.00 /target:exe /utf8output Program.cs Properties\AssemblyInfo.cs "Service References\ContentService\Reference.cs" Toc.cs "C:\Users\yakovleva\AppData\Local\Temp\.NETFramework,Version=v4.5.AssemblyAttributes.cs"
         Microsoft (R) Visual C# Compiler version 4.0.30319.17929
         
         for Microsoft (R) .NET Framework 4.5
         Copyright (C) Microsoft Corporation. All rights reserved.
         
       Done executing task "Csc".
       Task "CallTarget" skipped, due to false condition; ('$(TargetsTriggeredByCompilation)' != '') was evaluated as ('' != '').
     2>Done building target "CoreCompile" in project "MsdnHelper.csproj".
       Target "_TimeStampAfterCompile" skipped, due to false condition; ('$(RunPostBuildEvent)'=='OnOutputUpdated' or ('$(RegisterForComInterop)'=='true' and '$(OutputType)'=='library')) was evaluated as (''=='OnOutputUpdated' or (''=='true' and 'Exe'=='library')).
     2>Target "AfterCompile" in file "C:\Windows\Microsoft.NET\Framework\v4.0.30319\Microsoft.Common.targets" from project "D:\Externals\MsdnHelper\src\MsdnHelper.csproj" (target "Compile" depends on it):
     2>Done building target "AfterCompile" in project "MsdnHelper.csproj".
       Target "PrepareResourcesForSatelliteAssemblies" skipped, due to false condition; ('$(UICulture)' != '') was evaluated as ('' != '').
       Target "MergeLocalizationDirectives" skipped, due to false condition; ('@(GeneratedLocalizationFiles)' !='') was evaluated as ('' !='').
     2>Target "AfterCompileWinFX" in file "C:\Windows\Microsoft.NET\Framework\v4.0.30319\Microsoft.WinFX.targets" from project "D:\Externals\MsdnHelper\src\MsdnHelper.csproj" (target "_AfterCompileWinFXInternal" depends on it):
     2>Done building target "AfterCompileWinFX" in project "MsdnHelper.csproj".
     2>Target "_AfterCompileWinFXInternal" in file "C:\Windows\Microsoft.NET\Framework\v4.0.30319\Microsoft.WinFX.targets" from project "D:\Externals\MsdnHelper\src\MsdnHelper.csproj" (target "Compile" depends on it):
     2>Done building target "_AfterCompileWinFXInternal" in project "MsdnHelper.csproj".
     2>Target "Compile" in file "C:\Windows\Microsoft.NET\Framework\v4.0.30319\Microsoft.Common.targets" from project "D:\Externals\MsdnHelper\src\MsdnHelper.csproj" (target "CoreBuild" depends on it):
     2>Done building target "Compile" in project "MsdnHelper.csproj".
       Target "DeferredValidation" skipped, due to false condition; ('$(SkipWorkflowValidation)' != 'true' and ('@(XamlPage)' != '' or '@(XamlAppDef)' != '')) was evaluated as ('' != 'true' and ('' != '' or '' != '')).
       Target "ExportWindowsMDFile" skipped, due to false condition; ('$(ExportWinMDFile)' == 'true') was evaluated as ('' == 'true').
       Target "UnmanagedUnregistration" skipped, due to false condition; ((('$(_AssemblyTimestampBeforeCompile)' != '$(_AssemblyTimestampAfterCompile)' or '$(RegisterForComInterop)' != 'true' or '$(OutputType)' != 'library') or
                           ('$(_AssemblyTimestampBeforeCompile)' == '')) and
                          Exists('@(_UnmanagedRegistrationCache)')) was evaluated as ((('' != '' or '' != 'true' or 'Exe' != 'library') or
                           ('' == '')) and
                          Exists('obj\MsdnHelper.csproj.UnmanagedRegistration.cache')).
       Target "GenerateSerializationAssemblies" skipped, due to false condition; ('$(_SGenGenerateSerializationAssembliesConfig)' == 'On' or ('@(WebReferenceUrl)'!='' and '$(_SGenGenerateSerializationAssembliesConfig)' == 'Auto')) was evaluated as ('Off' == 'On' or (''!='' and 'Off' == 'Auto')).
     2>Target "_GenerateSatelliteAssemblyInputs" in file "C:\Windows\Microsoft.NET\Framework\v4.0.30319\Microsoft.Common.targets" from project "D:\Externals\MsdnHelper\src\MsdnHelper.csproj" (target "CreateSatelliteAssemblies" depends on it):
       Task "Warning" skipped, due to false condition; ('@(ManifestResourceWithCulture)'!='' and '%(ManifestResourceWithCulture.EmittedForCompatibilityOnly)'=='') was evaluated as (''!='' and ''=='').
       Task "Warning" skipped, due to false condition; ('@(ManifestNonResxWithCultureOnDisk)'!='' and '%(ManifestNonResxWithCultureOnDisk.EmittedForCompatibilityOnly)'=='') was evaluated as (''!='' and ''=='').
     2>Done building target "_GenerateSatelliteAssemblyInputs" in project "MsdnHelper.csproj".
       Target "ComputeIntermediateSatelliteAssemblies" skipped, due to false condition; (@(EmbeddedResource->'%(WithCulture)') != '') was evaluated as ( != '').
       Target "GenerateSatelliteAssemblies" skipped, due to false condition; ('@(_SatelliteAssemblyResourceInputs)' != '') was evaluated as ('' != '').
     2>Target "CreateSatelliteAssemblies" in file "C:\Windows\Microsoft.NET\Framework\v4.0.30319\Microsoft.Common.targets" from project "D:\Externals\MsdnHelper\src\MsdnHelper.csproj" (target "CoreBuild" depends on it):
     2>Done building target "CreateSatelliteAssemblies" in project "MsdnHelper.csproj".
       Target "GenerateManifests" skipped, due to false condition; ('$(GenerateClickOnceManifests)'=='true' or '@(NativeReference)'!='' or '@(ResolvedIsolatedComModules)'!='' or '$(GenerateAppxManifest)' == 'true') was evaluated as (''=='true' or ''!='' or ''!='' or '' == 'true').
     2>Target "GetTargetPath" in file "C:\Windows\Microsoft.NET\Framework\v4.0.30319\Microsoft.Common.targets" from project "D:\Externals\MsdnHelper\src\MsdnHelper.csproj" (target "CoreBuild" depends on it):
     2>Done building target "GetTargetPath" in project "MsdnHelper.csproj".
       Target "ComputeIntermediateSatelliteAssemblies" skipped, due to false condition; (@(EmbeddedResource->'%(WithCulture)') != '') was evaluated as ( != '').
       Target "_CopyFilesMarkedCopyLocal" skipped, due to false condition; ('@(ReferenceCopyLocalPaths)' != '') was evaluated as ('' != '').
       Target "AssignTargetPaths" skipped. Previously built successfully.
       Target "_SplitProjectReferencesByFileExistence" skipped. Previously built successfully.
     2>Target "GetCopyToOutputDirectoryXamlAppDefs" in file "C:\Windows\Microsoft.NET\Framework\v4.0.30319\Microsoft.Xaml.targets" from project "D:\Externals\MsdnHelper\src\MsdnHelper.csproj" (target "GetCopyToOutputDirectoryItems" depends on it):
       Task "AssignTargetPath"
       Done executing task "AssignTargetPath".
     2>Done building target "GetCopyToOutputDirectoryXamlAppDefs" in project "MsdnHelper.csproj".
     2>Target "GetCopyToOutputDirectoryItems" in file "C:\Windows\Microsoft.NET\Framework\v4.0.30319\Microsoft.Common.targets" from project "D:\Externals\MsdnHelper\src\MsdnHelper.csproj" (target "_CopySourceItemsToOutputDirectory" depends on it):
       Task "MSBuild" skipped, due to false condition; ('@(_MSBuildProjectReferenceExistent)' != '' and '$(_GetChildProjectCopyToOutputDirectoryItems)' == 'true' and '%(_MSBuildProjectReferenceExistent.Private)' != 'false' and '$(UseCommonOutputDirectory)' != 'true') was evaluated as ('' != '' and 'true' == 'true' and '' != 'false' and 'false' != 'true').
       Task "AssignTargetPath"
       Done executing task "AssignTargetPath".
     2>Done building target "GetCopyToOutputDirectoryItems" in project "MsdnHelper.csproj".
       Target "_CopyOutOfDateSourceItemsToOutputDirectory" skipped, due to false condition; ( '@(_SourceItemsToCopyToOutputDirectory)' != '' ) was evaluated as ( '' != '' ).
       Target "_CopyOutOfDateSourceItemsToOutputDirectoryAlways" skipped, due to false condition; ( '@(_SourceItemsToCopyToOutputDirectoryAlways)' != '' ) was evaluated as ( '' != '' ).
     2>Target "_CopySourceItemsToOutputDirectory" in file "C:\Windows\Microsoft.NET\Framework\v4.0.30319\Microsoft.Common.targets" from project "D:\Externals\MsdnHelper\src\MsdnHelper.csproj" (target "CopyFilesToOutputDirectory" depends on it):
     2>Done building target "_CopySourceItemsToOutputDirectory" in project "MsdnHelper.csproj".
     2>Target "_CopyAppConfigFile" in file "C:\Windows\Microsoft.NET\Framework\v4.0.30319\Microsoft.Common.targets" from project "D:\Externals\MsdnHelper\src\MsdnHelper.csproj" (target "CopyFilesToOutputDirectory" depends on it):
       Skipping target "_CopyAppConfigFile" because all output files are up-to-date with respect to the input files.
       Input files: App.config
       Output files: ..\bin\MsdnHelper.exe.config
     2>Done building target "_CopyAppConfigFile" in project "MsdnHelper.csproj".
       Target "_CopyManifestFiles" skipped, due to false condition; ( '$(_DeploymentCopyApplicationManifest)'=='true' or '$(GenerateClickOnceManifests)'=='true' ) was evaluated as ( ''=='true' or ''=='true' ).
     2>Target "_CheckForCompileOutputs" in file "C:\Windows\Microsoft.NET\Framework\v4.0.30319\Microsoft.Common.targets" from project "D:\Externals\MsdnHelper\src\MsdnHelper.csproj" (target "CopyFilesToOutputDirectory" depends on it):
     2>Done building target "_CheckForCompileOutputs" in project "MsdnHelper.csproj".
       Target "_SGenCheckForOutputs" skipped, due to false condition; ('$(_SGenGenerateSerializationAssembliesConfig)' == 'On' or ('@(WebReferenceUrl)'!='' and '$(_SGenGenerateSerializationAssembliesConfig)' == 'Auto')) was evaluated as ('Off' == 'On' or (''!='' and 'Off' == 'Auto')).
     2>Target "CopyFilesToOutputDirectory" in file "C:\Windows\Microsoft.NET\Framework\v4.0.30319\Microsoft.Common.targets" from project "D:\Externals\MsdnHelper\src\MsdnHelper.csproj" (target "PrepareForRun" depends on it):
       Using "Copy" task from assembly "Microsoft.Build.Tasks.v4.0, Version=4.0.0.0, Culture=neutral, PublicKeyToken=b03f5f7f11d50a3a".
       Task "Copy"
         Copying file from "obj\Debug\MsdnHelper.exe" to "..\bin\MsdnHelper.exe".
       Done executing task "Copy".
       Task "Message"
         MsdnHelper -> D:\Externals\MsdnHelper\bin\MsdnHelper.exe
       Done executing task "Message".
       Task "Copy" skipped, due to false condition; ('@(AddModules)' != '') was evaluated as ('' != '').
       Task "Copy" skipped, due to false condition; ('$(_SGenDllCreated)'=='true') was evaluated as ('false'=='true').
       Task "Copy"
         Copying file from "obj\Debug\MsdnHelper.pdb" to "..\bin\MsdnHelper.pdb".
       Done executing task "Copy".
       Task "Copy" skipped, due to false condition; ('$(_DocumentationFileProduced)'=='true') was evaluated as ('false'=='true').
       Task "Copy" skipped, due to false condition; ('@(IntermediateSatelliteAssembliesWithTargetPath)' != '') was evaluated as ('' != '').
       Task "Copy" skipped, due to false condition; ('@(ReferenceComWrappersToCopyLocal)' != '' or '@(ResolvedIsolatedComModules)' != '' or '@(_DeploymentLooseManifestFile)' != '' or '@(NativeReferenceFile)' != '' ) was evaluated as ('' != '' or '' != '' or '' != '' or '' != '' ).
       Task "Copy" skipped, due to false condition; ('$(SkipCopyWinMDArtifact)' != 'true' and '@(WinMDExpArtifacts)' != '') was evaluated as ('' != 'true' and '' != '').
       Task "Message" skipped, due to false condition; ('$(SkipCopyWinMDArtifact)' != 'true' and '$(_WindowsMetadataOutputPath)' != '') was evaluated as ('' != 'true' and '' != '').
     2>Done building target "CopyFilesToOutputDirectory" in project "MsdnHelper.csproj".
       Target "RunCodeAnalysis" skipped, due to false condition; ('$(RunCodeAnalysisOnThisProject)'=='true') was evaluated as (''=='true').
     2>Target "PrepareForRun" in file "C:\Windows\Microsoft.NET\Framework\v4.0.30319\Microsoft.Common.targets" from project "D:\Externals\MsdnHelper\src\MsdnHelper.csproj" (target "CoreBuild" depends on it):
     2>Done building target "PrepareForRun" in project "MsdnHelper.csproj".
       Target "UnmanagedRegistration" skipped, due to false condition; ('$(RegisterForComInterop)'=='true' and '$(OutputType)'=='library') was evaluated as (''=='true' and 'Exe'=='library').
       Target "_CheckForCompileOutputs" skipped. Previously built successfully.
       Target "_SGenCheckForOutputs" skipped, due to false condition; ('$(_SGenGenerateSerializationAssembliesConfig)' == 'On' or ('@(WebReferenceUrl)'!='' and '$(_SGenGenerateSerializationAssembliesConfig)' == 'Auto')) was evaluated as ('Off' == 'On' or (''!='' and 'Off' == 'Auto')).
     2>Target "_CleanGetCurrentAndPriorFileWrites" in file "C:\Windows\Microsoft.NET\Framework\v4.0.30319\Microsoft.Common.targets" from project "D:\Externals\MsdnHelper\src\MsdnHelper.csproj" (target "IncrementalClean" depends on it):
       Using "ReadLinesFromFile" task from assembly "Microsoft.Build.Tasks.v4.0, Version=4.0.0.0, Culture=neutral, PublicKeyToken=b03f5f7f11d50a3a".
       Task "ReadLinesFromFile"
       Done executing task "ReadLinesFromFile".
       Using "ConvertToAbsolutePath" task from assembly "Microsoft.Build.Tasks.v4.0, Version=4.0.0.0, Culture=neutral, PublicKeyToken=b03f5f7f11d50a3a".
       Task "ConvertToAbsolutePath"
       Done executing task "ConvertToAbsolutePath".
       Using "FindUnderPath" task from assembly "Microsoft.Build.Tasks.v4.0, Version=4.0.0.0, Culture=neutral, PublicKeyToken=b03f5f7f11d50a3a".
       Task "FindUnderPath"
         Comparison path is "D:\Externals\MsdnHelper\src".
       Done executing task "FindUnderPath".
       Task "FindUnderPath"
         Comparison path is "..\bin\".
       Done executing task "FindUnderPath".
       Task "FindUnderPath"
         Comparison path is "obj\Debug\".
       Done executing task "FindUnderPath".
       Using "RemoveDuplicates" task from assembly "Microsoft.Build.Tasks.v4.0, Version=4.0.0.0, Culture=neutral, PublicKeyToken=b03f5f7f11d50a3a".
       Task "RemoveDuplicates"
       Done executing task "RemoveDuplicates".
     2>Done building target "_CleanGetCurrentAndPriorFileWrites" in project "MsdnHelper.csproj".
     2>Target "IncrementalClean" in file "C:\Windows\Microsoft.NET\Framework\v4.0.30319\Microsoft.Common.targets" from project "D:\Externals\MsdnHelper\src\MsdnHelper.csproj" (target "CoreBuild" depends on it):
       Task "FindUnderPath"
         Comparison path is "..\bin\".
       Done executing task "FindUnderPath".
       Task "FindUnderPath"
         Comparison path is "obj\Debug\".
       Done executing task "FindUnderPath".
       Task "Delete"
       Done executing task "Delete".
       Task "RemoveDuplicates"
       Done executing task "RemoveDuplicates".
       Task "WriteLinesToFile" skipped, due to false condition; ('@(_CleanUnfilteredPriorFileWrites)'!='@(_CleanUniqueRemainingFileWritesAfterIncrementalClean)') was evaluated as ('D:\Externals\MsdnHelper\bin\MsdnHelper.exe.config;D:\Externals\MsdnHelper\bin\MsdnHelper.exe;D:\Externals\MsdnHelper\bin\MsdnHelper.pdb;D:\Externals\MsdnHelper\src\obj\Debug\MsdnHelper.exe;D:\Externals\MsdnHelper\src\obj\Debug\MsdnHelper.pdb;D:\Externals\MsdnHelper\src\obj\Debug\MsdnHelper.csprojResolveAssemblyReference.cache'!='D:\Externals\MsdnHelper\bin\MsdnHelper.exe.config;D:\Externals\MsdnHelper\bin\MsdnHelper.exe;D:\Externals\MsdnHelper\bin\MsdnHelper.pdb;D:\Externals\MsdnHelper\src\obj\Debug\MsdnHelper.exe;D:\Externals\MsdnHelper\src\obj\Debug\MsdnHelper.pdb;D:\Externals\MsdnHelper\src\obj\Debug\MsdnHelper.csprojResolveAssemblyReference.cache').
     2>Done building target "IncrementalClean" in project "MsdnHelper.csproj".
       Target "PostBuildEvent" skipped, due to false condition; ('$(PostBuildEvent)' != '' and ('$(RunPostBuildEvent)' != 'OnOutputUpdated' or '$(_AssemblyTimestampBeforeCompile)' != '$(_AssemblyTimestampAfterCompile)')) was evaluated as ('' != '' and ('' != 'OnOutputUpdated' or '' != '')).
     2>Target "CoreBuild" in file "C:\Windows\Microsoft.NET\Framework\v4.0.30319\Microsoft.Common.targets" from project "D:\Externals\MsdnHelper\src\MsdnHelper.csproj" (target "Build" depends on it):
     2>Done building target "CoreBuild" in project "MsdnHelper.csproj".
     2>Target "AfterBuild" in file "C:\Windows\Microsoft.NET\Framework\v4.0.30319\Microsoft.Common.targets" from project "D:\Externals\MsdnHelper\src\MsdnHelper.csproj" (target "Build" depends on it):
     2>Done building target "AfterBuild" in project "MsdnHelper.csproj".
     2>Target "Build" in file "C:\Windows\Microsoft.NET\Framework\v4.0.30319\Microsoft.Common.targets" from project "D:\Externals\MsdnHelper\src\MsdnHelper.csproj" (entry point):
     2>Done building target "Build" in project "MsdnHelper.csproj".
     2>Done Building Project "D:\Externals\MsdnHelper\src\MsdnHelper.csproj" (default targets).
     1>Done executing task "MSBuild".
     1>Done building target "Build" in project "MsdnHelper.sln".
     1>Done Building Project "D:\Externals\MsdnHelper\src\MsdnHelper.sln" (default targets).

Build succeeded.
    0 Warning(s)
    0 Error(s)

Time Elapsed 00:00:00.99
